18.5.21 12:54:51.109 [IMP] Log file opened. Time UTC offset is: 02:00:00
18.5.21 12:54:51.247 [ERR] [Steam] SteamClient.Init() failed, will make a second attempt.
System.Exception: SteamApi_Init returned false. Steam isn't running, couldn't find Steam, AppId is ureleased, Don't own AppId.
   _____________________________________stack trace_____________________________________

   at SteamClient.Init(appid, asyncCallbacks)
   at #=z$neXGSgBLSXfv4BK9DMt3svTxwsqLSnfOTQtOvwgF8$X..ctor()
   _____________________________________________________________________________________

18.5.21 12:54:51.340 [IMP] Steam API initialized:
Steam AppId: 829590
Steam ID: 76561197971278372
Steam username: Mistrall
18.5.21 12:54:51.369 [IMP] CryoFall game client runtime v1.30.6.8
RENKEI Engine (c) by AtomicTorch Studio Pte. Ltd.
All rights reserved.
18.5.21 12:54:51.369 [IMP] Operations timed using the system's high-resolution performance counter.
  Timer is accurate within 100 nanoseconds
  Timer frequency in ticks per second = 10000000
18.5.21 12:54:51.369 [IMP] GC info: latencyMode=Interactive isServer=False
18.5.21 12:54:51.370 [IMP] System info:
OS: Microsoft Windows NT 10.0.19042.0 (Windows)
CPU: Unknown (6 virtual cores)
RAM: UnknownMb
GPU: NVIDIA GeForce GTX 1070 Ti (8079 MB VRAM, 8159 MB shared RAM, shaders Unknown)
Screen resolution: 1920x1080
Renderer: D3D11 with flags "BgraSupport"
Audio: software voices: 64, format: 44100
Launch command line: E:\SteamLibrary\steamapps\common\CryoFall\Binaries\Client\CryoFall_Client.dll
Current path: E:\SteamLibrary\steamapps\common\CryoFall\Binaries\Client\
Static data path: E:\SteamLibrary\steamapps\common\CryoFall\
Dynamic data path: C:\Users\Mistrall\Documents\AtomicTorchStudio\CryoFall
18.5.21 12:54:51.390 [IMP] Settings file not found, creating new one
18.5.21 12:54:51.414 [INF] The configuration file saved successfully: C:\Users\Mistrall\Documents\AtomicTorchStudio\CryoFall\SettingsClient.xml
18.5.21 12:54:51.419 [IMP] ClientThreadHelper(Current) created with 4 total threads (4 active threads maximum)
18.5.21 12:54:51.420 [IMP] ClientThreadHelper(Static) created with 6 total threads (6 active threads maximum)
18.5.21 12:54:51.438 [IMP] Mods catalog info (known mods locations):
Mods config file path: "C:\Users\Mistrall\Documents\AtomicTorchStudio\CryoFall\ModsConfig.xml"
Core folder: "E:\SteamLibrary\steamapps\common\CryoFall\Core"
Mods folder (primary): "E:\SteamLibrary\steamapps\common\CryoFall\Mods"
Mods folder (secondary): "C:\Users\Mistrall\Documents\AtomicTorchStudio\CryoFall\Mods"
18.5.21 12:54:51.580 [IMP] Mods catalog initialized. Available files:
core_1.0.0
18.5.21 12:54:51.583 [IMP] Mods Config not located. Creating new one...
18.5.21 12:54:51.592 [IMP] Mods config saved to: C:\Users\Mistrall\Documents\AtomicTorchStudio\CryoFall\ModsConfig.xml
18.5.21 12:54:51.759 [IMP] Virtual file system initialized successfully:
Core mod: Core
Mods list:
   --no mods--
Total files count: 8966
18.5.21 12:54:51.761 [IMP] Active core/mods list: 
  * core - ClientServer v1.0.0 (from file "E:\SteamLibrary\steamapps\common\CryoFall\Core\Core.cpk")
18.5.21 12:54:51.803 [IMP] Initializing ScriptManager
18.5.21 12:54:51.803 [IMP] [Stopwatch] Init game file system: 208ms
18.5.21 12:54:51.828 [IMP] Current log severity: Important
18.5.21 12:54:51.835 [IMP] ClientApi was reset
18.5.21 12:54:51.888 [IMP] GameClient: Modules initialized: Master, Auth, Core, Player, World, Items
18.5.21 12:54:51.895 [IMP] Object repository reset
18.5.21 12:54:51.897 [IMP] New game session created.
18.5.21 12:54:51.985 [IMP] UI base size changed: 1366x768; scale=1.00
18.5.21 12:54:51.990 [IMP] Selected graphics adapter: NVIDIA GeForce GTX 1070 Ti
Graphics adapters list:
* NVIDIA GeForce GTX 1070 Ti (8079MB VRAM)
* NVIDIA GeForce GTX 1070 Ti (8079MB VRAM)
18.5.21 12:54:52.021 [IMP] Selected graphics adapter: NVIDIA GeForce GTX 1070 Ti
Graphics adapters list:
* NVIDIA GeForce GTX 1070 Ti (8079MB VRAM)
* NVIDIA GeForce GTX 1070 Ti (8079MB VRAM)
18.5.21 12:54:52.023 [IMP] Selected graphics adapter: NVIDIA GeForce GTX 1070 Ti
Graphics adapters list:
* NVIDIA GeForce GTX 1070 Ti (8079MB VRAM)
* NVIDIA GeForce GTX 1070 Ti (8079MB VRAM)
18.5.21 12:54:52.024 [IMP] GameMain initialized
18.5.21 12:54:52.032 [IMP] Cache root path: C:\Users\Mistrall\AppData\Local\Temp\AtomicTorchStudio\CryoFall_v1.30.6
18.5.21 12:54:52.068 [IMP] Compiling/loading scripts started...
18.5.21 12:54:52.077 [IMP] Not found Wine DLL overrides registry - perhaps not running under Wine
18.5.21 12:54:52.406 [IMP] Launching compiler process: dotnet "E:\SteamLibrary\steamapps\common\CryoFall\Binaries\Shared\Compiler\CryoFall_Compiler.dll" --fromGame 
18.5.21 12:54:52.430 [IMP] [COMPILER CLIENT] IPCClient: Named pipe client connecting to COMPILER_A966FDF1AE4B0E0F0EA4CD6F93E5E887_1
18.5.21 12:54:52.430 [IMP] [COMPILER CLIENT] Requesting compiler server to build: C:\Users\Mistrall\AppData\Local\Temp\AtomicTorchStudio\CryoFall_v1.30.6\Assemblies\Scripts_fr-fr_release_netcore_x64_IMP_10165008277247998539
18.5.21 12:54:52.438 [IMP] Detected current Desktop Window Manager screen refresh rate: 60 Hz (60/1)
18.5.21 12:54:52.438 [IMP] Changing timestep to match the monitor refresh rate: 60.000 Hz
18.5.21 12:54:52.699 [IMP] Effect compiled and written to the disk cache: Content/Effects/DefaultDrawEffect.fx
18.5.21 12:54:52.701 [IMP] Effect compiled and written to the disk cache: Content/Effects/Blit.fx
18.5.21 12:54:52.706 [IMP] Effect compiled and written to the disk cache: Content/Effects/Terrain/GroundTile.fx
18.5.21 12:54:52.967 [IMP] [COMPILER CLIENT] IPCClient: Named pipe client connected to COMPILER_A966FDF1AE4B0E0F0EA4CD6F93E5E887_1
18.5.21 12:54:52.970 [IMP] [COMPILER CLIENT] Connection to the Compiler Server localhost(IPC):1 established successfully
18.5.21 12:54:52.971 [IMP] [COMPILER CLIENT] Sending build request: isWarmUp=False forceOverwrite=False
18.5.21 12:55:01.631 [IMP] [COMPILER CLIENT] Received from compiler server - requested build completed
18.5.21 12:55:01.632 [IMP] [COMPILER CLIENT] Auto disconnect from the compiler because it was configured to automatically disconnect when compilation is completed
18.5.21 12:55:01.696 [IMP] Loading the scripting assembly from: C:\Users\Mistrall\AppData\Local\Temp\AtomicTorchStudio\CryoFall_v1.30.6\Assemblies\Scripts_fr-fr_release_netcore_x64_IMP_10165008277247998539.dll
18.5.21 12:55:01.725 [IMP] Successfully loaded the scripting assembly from: C:\Users\Mistrall\AppData\Local\Temp\AtomicTorchStudio\CryoFall_v1.30.6\Assemblies\Scripts_fr-fr_release_netcore_x64_IMP_10165008277247998539.dll
18.5.21 12:55:01.727 [IMP] [Stopwatch] Compiling/loading scripts completed: 9658ms
18.5.21 12:55:01.949 [IMP] Scripts data Init(): 4748 scripting assembly types found
18.5.21 12:55:02.040 [IMP] [SERIALIZER] Logging is disabled - the LOGGING conditional compilation symbol was not used during build of the AtomicSerializer library
18.5.21 12:55:02.110 [IMP] [Stopwatch] Creating serialization provider - SerializationProviderNetwork: 69ms
18.5.21 12:55:02.111 [IMP] [Stopwatch] Scripts prototypes instantiation: 71ms
18.5.21 12:55:02.111 [IMP] Scripts prototypes instantiated.
Total types count in scripting assembly: 4748
Total scripting types implementations instantiated: 2274
18.5.21 12:55:02.123 [IMP] [Stopwatch] Scripts prototypes setup: 9ms
18.5.21 12:55:02.127 [IMP] Creating UI...
18.5.21 12:55:02.493 [IMP] ScreenActual size changed: 1601x901 (coef=1.17)
18.5.21 12:55:02.494 [IMP] ScreenActual size changed: 1601x901 (coef=1.17)
18.5.21 12:55:02.494 [IMP] Creating UI - completed
18.5.21 12:55:02.920 [IMP] [Stopwatch] Scripts data topological sort for 2274 proto entities: 415ms
18.5.21 12:55:03.382 [IMP] [SCRIPT] Auto-detected Sprite Resolution mode: Ultra
VRAM budget: 7311 MB
VRAM dedicated: 8079 MB
VRAM dedicated + shared RAM: 16238 MB
[SOURCE: Scripts/ClientOptions/Video/VideoOptionSpriteResolution.cs line:143 method:GetRecommendedMode()]
18.5.21 12:55:03.423 [IMP] [Stopwatch] Scripts invoking PrepareProto() for 2274 proto entities: 502ms
18.5.21 12:55:03.424 [IMP] Initializing client bootstrappers
18.5.21 12:55:03.571 [IMP] NoesisGUI error: UI/Controls/Menu/Extras/UpdatesHistory/MenuUpdatesHistory.xaml(51): Unknown type 'TextOptions'.
18.5.21 12:55:03.571 [IMP] NoesisGUI error: UI/Controls/Menu/Extras/UpdatesHistory/MenuUpdatesHistory.xaml(51): Unknown type 'TextOptions'.
18.5.21 12:55:03.574 [IMP] NoesisGUI error: UI/Controls/Menu/Extras/Credits/MenuCredits.xaml(71): Unknown type 'TextOptions'.
18.5.21 12:55:03.574 [IMP] NoesisGUI error: UI/Controls/Menu/Extras/Credits/MenuCredits.xaml(71): Unknown type 'TextOptions'.
18.5.21 12:55:03.627 [IMP] [SCRIPT] The game requires language selection
[SOURCE: Scripts/ClientLanguages/ClientLanguagesManager.cs line:127 method:Initialize()]
18.5.21 12:55:03.672 [IMP] [SCRIPT] Connecting to MasterServer as it's necessary now (client is not connected to the game server and main menu overlay is not hidden)
[SOURCE: Scripts/Bootstrappers/BootstrapperClientCore.cs line:110 method:ConnectToMasterServerIfNecessary()]
18.5.21 12:55:03.693 [IMP] MasterServerClient: Trying to connect to Master Server atomictorch.com:4012 TCP
(global attempt number: 0; local attempt number: 0)
18.5.21 12:55:03.703 [IMP] Cannot load client persistent storage from "ConsoleCommandsHistory": no storage file exists
18.5.21 12:55:03.724 [IMP] Cannot load client persistent storage from "Options/Audio": no storage file exists
18.5.21 12:55:03.724 [IMP] [SCRIPT] There are no options snapshot for Audio or it cannot be deserialized - applying default values
[SOURCE: Scripts/ClientOptions/Base/ProtoOptionsCategory.cs line:179 method:LoadOptionsFromStorage()]
18.5.21 12:55:03.764 [IMP] Saved client persistent storage at "Options/Audio"
18.5.21 12:55:03.764 [IMP] Cannot load client persistent storage from "Options/General": no storage file exists
18.5.21 12:55:03.764 [IMP] [SCRIPT] There are no options snapshot for General or it cannot be deserialized - applying default values
[SOURCE: Scripts/ClientOptions/Base/ProtoOptionsCategory.cs line:179 method:LoadOptionsFromStorage()]
18.5.21 12:55:03.778 [IMP] Saved client persistent storage at "Options/General"
18.5.21 12:55:03.778 [IMP] Cannot load client persistent storage from "Options/Video": no storage file exists
18.5.21 12:55:03.778 [IMP] [SCRIPT] There are no options snapshot for Video or it cannot be deserialized - applying default values
[SOURCE: Scripts/ClientOptions/Base/ProtoOptionsCategory.cs line:179 method:LoadOptionsFromStorage()]
18.5.21 12:55:03.781 [IMP] [SCRIPT] Auto-detected Sprite Resolution mode: Ultra
VRAM budget: 7311 MB
VRAM dedicated: 8079 MB
VRAM dedicated + shared RAM: 16238 MB
[SOURCE: Scripts/ClientOptions/Video/VideoOptionSpriteResolution.cs line:143 method:GetRecommendedMode()]
18.5.21 12:55:03.783 [IMP] Switching framebuffer multisampling mode: MultiSampleCount=8
18.5.21 12:55:03.784 [IMP] Main composer viewport scale changed to: 1
18.5.21 12:55:03.785 [IMP] [SCRIPT] Setting UI anti-aliasing mode: MSAA
[SOURCE: C:\Projects\Games\AtomicTorch.CBND\Client.MonoGame\ScriptingApi\ClientRenderingService.cs line:191 method:UIAntiAliasingMode()]
18.5.21 12:55:03.792 [IMP] Saved client persistent storage at "Options/Video"
18.5.21 12:55:03.813 [IMP] Cannot load client persistent storage from "ClientChatBlockList": no storage file exists
18.5.21 12:55:03.823 [IMP] [SCRIPT] Profanity filtering lists loaded: 582 blacklist entries, 7 whitelist entries
[SOURCE: Scripts/Systems/ProfanityFiltering/ProfanityFilteringSystem.cs line:257 method:Initialize()]
18.5.21 12:55:03.824 [IMP] [SCRIPT] Current party received: <no party>
[SOURCE: Scripts/Systems/Party/PartySystem.cs line:398 method:ClientSetCurrentParty()]
18.5.21 12:55:03.830 [IMP] [SCRIPT] Current faction received: <no faction>
[SOURCE: Scripts/Systems/Faction/FactionSystem.cs line:892 method:ClientSetCurrentFaction()]
18.5.21 12:55:03.833 [IMP] [SCRIPT] Emojis loaded: 1 categories, 97 emojis total
[SOURCE: Scripts/Systems/EmojiSystem/EmojiSystem.cs line:59 method:ClientInitialize()]
18.5.21 12:55:03.840 [IMP] MasterServerClient: TCPClient: Socket-client connected to: 51.75.67.219:4012 (TCP)
18.5.21 12:55:03.841 [IMP] SCRIPTING READY!
18.5.21 12:55:03.842 [IMP] MasterServerClient: Connection to Master Server atomictorch.com:4012 established successfully
18.5.21 12:55:03.875 [IMP] Received stats and achievements from Steam: empty
18.5.21 12:55:03.875 [IMP] Received stats and achievements from Steam: empty
18.5.21 12:55:03.899 [IMP] MasterServerClient: Received Command SetupEncryption_1 (ID=13250)
18.5.21 12:55:03.918 [IMP] MasterServerClient: Sending Command SetupEncryptionResult_17 (ID=0)
18.5.21 12:55:03.982 [IMP] Cannot load client persistent storage from "Options/Input": no storage file exists
18.5.21 12:55:03.982 [IMP] [SCRIPT] Input manager: reset mapping to default
[SOURCE: Scripts/ClientComponents/Input/ClientInputManager.cs line:211 method:ResetMappingToDefault()]
18.5.21 12:55:04.034 [IMP] [SCRIPT] Loading splash screen: go to state Hidden without any transitions
[SOURCE: UI/Controls/Core/LoadingSplashScreen.xaml.cs line:79 method:Refresh()]
18.5.21 12:55:04.123 [IMP] MasterServerClient: Received Command Ready_9 (ID=13252)
18.5.21 12:55:04.123 [IMP] MasterServerClient: MasterServer client ready to work
18.5.21 12:55:04.124 [IMP] Cannot send the master server authorize command as don't have the master token file
18.5.21 12:55:04.149 [IMP] SteamAPI: Requesting steam encrypted token
18.5.21 12:55:04.157 [IMP] Effect compiled and written to the disk cache: Content/Effects/PostEffects/ColorGrading2LutWithLightmap.fx
18.5.21 12:55:04.158 [IMP] Effect compiled and written to the disk cache: Content/Effects/Lighting/Compose.fx
18.5.21 12:55:04.188 [IMP] Recreating main composer render target: 1920x1080 multiSampleCount=8
18.5.21 12:55:04.223 [IMP] ScreenActual size changed: 1920x1080 (coef=1.41)
18.5.21 12:55:04.495 [IMP] Steam encrypted ticket response success
18.5.21 12:55:04.495 [IMP] SteamAPI: Steam encrypted token callback received
18.5.21 12:55:04.496 [IMP] Sending CommandMasterSteamLogin
18.5.21 12:55:04.497 [IMP] MasterServerClient: Sending Command SteamLogin_13 (ID=0)
18.5.21 12:55:04.844 [IMP] [SCRIPT] Land claim areas cache rebuilt: spent 1.22 ms, contains 0 land claims
[SOURCE: Scripts/Systems/LandClaim/LandClaimSystem.cs line:2654 method:SharedGetLandClaimAreasCache()]
18.5.21 12:55:05.609 [IMP] MasterServerClient: Received Command LoginResult_4 (ID=13284)
18.5.21 12:55:05.621 [WRN] GameClient: Master: Master login failed: UsernameNotSelected
18.5.21 12:55:07.181 [IMP] Language setting changed to: fr_fr
18.5.21 12:55:08.338 [IMP] [SCRIPT] Dialog window shown: Confirmer ?: [b]Mistrall[/b], cela vous convient-il ? Vous ne pourrez pas modifier ce nom par la suite. 
[br]Il sera utilisé en jeu, quel que soit le serveur sur lequel vous vous trouverez. [Accepter] [Cancel]
[SOURCE: UI/Controls/Core/DialogWindow.cs line:172 method:ShowDialog()]
18.5.21 12:55:08.346 [IMP] [SCRIPT] ZIndex for window Dialog window "Confirmer ?" set to 10102
[SOURCE: UI/Services/WindowsManager.cs line:50 method:BringToFront()]
18.5.21 12:55:10.898 [IMP] MasterServerClient: Sending Command SelectUsername_12 (ID=0)
18.5.21 12:55:12.781 [IMP] MasterServerClient: Received Command LoginResult_4 (ID=13398)
18.5.21 12:55:12.784 [IMP] GameClient: Master: Master login successful. Received the master token file.
18.5.21 12:55:12.792 [IMP] Master token file set:
Username: Mistrall
Game edition: Demo
18.5.21 12:55:12.900 [IMP] NoesisGUI error: UI/Controls/Menu/Extras/UpdatesHistory/MenuUpdatesHistory.xaml(51): Unknown type 'TextOptions'.
18.5.21 12:55:12.900 [IMP] NoesisGUI error: UI/Controls/Menu/Extras/UpdatesHistory/MenuUpdatesHistory.xaml(51): Unknown type 'TextOptions'.
18.5.21 12:55:12.901 [IMP] NoesisGUI error: UI/Controls/Menu/Extras/Credits/MenuCredits.xaml(71): Unknown type 'TextOptions'.
18.5.21 12:55:12.901 [IMP] NoesisGUI error: UI/Controls/Menu/Extras/Credits/MenuCredits.xaml(71): Unknown type 'TextOptions'.
18.5.21 12:55:12.939 [IMP] Requesting RSS feed: https://steamcommunity.com/games/829590/rss/
18.5.21 12:55:12.939 [IMP] Requesting RSS feed: http://forums.atomictorch.com/index.php?action=.xml;type=rss2&c=3&limit=15
18.5.21 12:55:12.945 [IMP] Cannot load client persistent storage from "FeaturesSlideshowFinished-A29": no storage file exists
18.5.21 12:55:12.946 [IMP] Cannot load client persistent storage from "FeaturesSlideshowFinished-A29": no storage file exists
18.5.21 12:55:13.361 [IMP] RSS feed successfully downloaded - https://steamcommunity.com/games/829590/rss/: 10 entries
18.5.21 12:55:13.617 [IMP] RSS feed successfully downloaded - http://forums.atomictorch.com/index.php?action=.xml;type=rss2&c=3&limit=15: 15 entries
18.5.21 12:55:21.113 [IMP] Client performance stats:
*draw_cameras_auto_cpu_ms: 0.04 (17.14)
*draw_cameras_manual_cpu_ms: 0 (0)
*frame_draw_ms: 18.93 (48.32)
*frame_length_ms: 16.67 (16.67)
*frame_update_ms: 3.77 (2392.47)
FMOD_active_channels_count: 1 (1)
FMOD_active_voices_count: 1 (1)
FMOD_CPU_usage_total: 0.45 (0.45)
FMOD_RAM_allocated: 3.4 (3.4)
FMOD_RAM_max: 3.42 (3.42)
FPS_avg: 60 (60)
gc_collection_occured_count_gen0: 31 (31)
gc_collection_occured_count_gen1: 11 (11)
gc_collection_occured_count_gen2: 4 (4)
gpu_textures_2D_count: 49 (49)
gpu_textures_2D_total_size_mb: 178.97 (178.97)
gpu_textures_3D_count: 2 (2)
gpu_textures_3D_total_size_mb: 0.14 (0.14)
gpu_textures_procedural_count: 0 (0)
gpu_textures_procedural_estimated_total_size_mb: 0 (0)
gpu_textures_render_cache_total_size_mb: 7.91 (7.91)
gpu_vram_budget_mb: 7311 (7311)
gpu_vram_usage_mb: 390.95 (390.95)
network_command_parsing_ms: 0.02 (21.29)
network_command_writing_ms: 0.01 (8.41)
Noesis_RAM_accumulated_mb: 62.1 (62.1)
Noesis_RAM_allocations: 316849 (316849)
Noesis_RAM_current_mb: 15.15 (15.15)
total_memory_gc_mb: 132.46 (132.46)
total_memory_private_mb: 680.55 (680.55)
total_memory_workingset_mb: 327.9 (327.9)
18.5.21 12:55:51.114 [IMP] Client performance stats:
*draw_cameras_auto_cpu_ms: 0.02 (0.03)
*draw_cameras_manual_cpu_ms: 0 (0)
*frame_draw_ms: 11.5 (15.63)
*frame_length_ms: 16.67 (16.67)
*frame_update_ms: 0.47 (17.68)
FMOD_active_channels_count: 1 (1)
FMOD_active_voices_count: 1 (1)
FMOD_CPU_usage_total: 0.46 (0.46)
FMOD_RAM_allocated: 3.4 (3.4)
FMOD_RAM_max: 3.42 (3.42)
FPS_avg: 60 (60)
gc_collection_occured_count_gen0: 9 (9)
gc_collection_occured_count_gen1: 0 (0)
gc_collection_occured_count_gen2: 0 (0)
gpu_textures_2D_count: 49 (49)
gpu_textures_2D_total_size_mb: 178.97 (178.97)
gpu_textures_3D_count: 2 (2)
gpu_textures_3D_total_size_mb: 0.14 (0.14)
gpu_textures_procedural_count: 0 (0)
gpu_textures_procedural_estimated_total_size_mb: 0 (0)
gpu_textures_render_cache_total_size_mb: 7.91 (7.91)
gpu_vram_budget_mb: 7311 (7311)
gpu_vram_usage_mb: 390.95 (390.95)
network_command_parsing_ms: 0 (0.33)
network_command_writing_ms: 0 (0.03)
Noesis_RAM_accumulated_mb: 62.19 (62.19)
Noesis_RAM_allocations: 317953 (317953)
Noesis_RAM_current_mb: 15.16 (15.16)
total_memory_gc_mb: 134.2 (134.2)
total_memory_private_mb: 680.9 (680.9)
total_memory_workingset_mb: 327.77 (327.77)
18.5.21 12:56:08.183 [IMP] Saved client persistent storage at "FeaturesSlideshowFinished-A29"
18.5.21 12:56:13.538 [IMP] MasterServerClient: Sending Command GetPublicServersList_100 (ID=0)
18.5.21 12:56:13.596 [IMP] MasterServerClient: Received Command GetPublicServersListResult_101 (ID=14412)
18.5.21 12:56:13.646 [IMP] Public servers list updated: 490 hosts total
18.5.21 12:56:13.889 [IMP] Server icons cache folder: C:\Users\Mistrall\AppData\Local\Temp\AtomicTorchStudio\CryoFall_v1.30.6\ServersIcons
18.5.21 12:56:13.999 [IMP] Saved server icon: me8yent/b0a68+nefte94upvyhqlllx7nxipwxacv7i=
18.5.21 12:56:14.001 [IMP] Loading server icon: me8yent/b0a68+nefte94upvyhqlllx7nxipwxacv7i=
18.5.21 12:56:14.001 [IMP] Loaded server icon: me8yent/b0a68+nefte94upvyhqlllx7nxipwxacv7i=
18.5.21 12:56:18.809 [IMP] Saved server icon: n0bvl+egt9uc619cx28hvshpov2odkct+3tx/wlozbo=
18.5.21 12:56:18.809 [IMP] Loading server icon: n0bvl+egt9uc619cx28hvshpov2odkct+3tx/wlozbo=
18.5.21 12:56:18.809 [IMP] Loaded server icon: n0bvl+egt9uc619cx28hvshpov2odkct+3tx/wlozbo=
18.5.21 12:56:18.842 [IMP] Saved server icon: ttfck8gwi2nozcbkojzu3kkj9bcpexkdlteweqnfouc=
18.5.21 12:56:18.842 [IMP] Loading server icon: ttfck8gwi2nozcbkojzu3kkj9bcpexkdlteweqnfouc=
18.5.21 12:56:18.842 [IMP] Loaded server icon: ttfck8gwi2nozcbkojzu3kkj9bcpexkdlteweqnfouc=
18.5.21 12:56:19.494 [IMP] Saved server icon: yrf5lspxgofypayzaxxg9bpouvx+u52mmpnyoisyv/e=
18.5.21 12:56:19.494 [IMP] Loading server icon: yrf5lspxgofypayzaxxg9bpouvx+u52mmpnyoisyv/e=
18.5.21 12:56:19.494 [IMP] Loaded server icon: yrf5lspxgofypayzaxxg9bpouvx+u52mmpnyoisyv/e=
18.5.21 12:56:19.692 [IMP] Saved server icon: fkcoejvceuimtt4nmhjmivumu6do5uut5w8pum3xpmc=
18.5.21 12:56:19.692 [IMP] Loading server icon: fkcoejvceuimtt4nmhjmivumu6do5uut5w8pum3xpmc=
18.5.21 12:56:19.692 [IMP] Loaded server icon: fkcoejvceuimtt4nmhjmivumu6do5uut5w8pum3xpmc=
18.5.21 12:56:19.908 [IMP] Saved server icon: 89c8mjjajd//ceyckfbkmufxrgzwzqgpcfniey4acdm=
18.5.21 12:56:19.908 [IMP] Loading server icon: 89c8mjjajd//ceyckfbkmufxrgzwzqgpcfniey4acdm=
18.5.21 12:56:19.908 [IMP] Loaded server icon: 89c8mjjajd//ceyckfbkmufxrgzwzqgpcfniey4acdm=
18.5.21 12:56:19.942 [IMP] Saved server icon: 73picbqevobscjqqw4elkw+4pvhepk7lwqyrxlql2be=
18.5.21 12:56:19.942 [IMP] Loading server icon: 73picbqevobscjqqw4elkw+4pvhepk7lwqyrxlql2be=
18.5.21 12:56:19.942 [IMP] Loaded server icon: 73picbqevobscjqqw4elkw+4pvhepk7lwqyrxlql2be=
18.5.21 12:56:20.075 [IMP] Saved server icon: lkt8ma/zwwm1djhl39lowotv1hql3znt3nyfm7dh5hy=
18.5.21 12:56:20.075 [IMP] Loading server icon: lkt8ma/zwwm1djhl39lowotv1hql3znt3nyfm7dh5hy=
18.5.21 12:56:20.076 [IMP] Loaded server icon: lkt8ma/zwwm1djhl39lowotv1hql3znt3nyfm7dh5hy=
18.5.21 12:56:20.310 [IMP] Saved server icon: t7t7r4ryddiz2oom1qs+hdhpsdl6pgzh8wl5ofqzdc4=
18.5.21 12:56:20.310 [IMP] Loading server icon: t7t7r4ryddiz2oom1qs+hdhpsdl6pgzh8wl5ofqzdc4=
18.5.21 12:56:20.310 [IMP] Loaded server icon: t7t7r4ryddiz2oom1qs+hdhpsdl6pgzh8wl5ofqzdc4=
18.5.21 12:56:21.093 [IMP] Saved server icon: rabns84a3dy+l8zv8efxoujufn+pny6ltauurunn0mi=
18.5.21 12:56:21.093 [IMP] Loading server icon: rabns84a3dy+l8zv8efxoujufn+pny6ltauurunn0mi=
18.5.21 12:56:21.093 [IMP] Loaded server icon: rabns84a3dy+l8zv8efxoujufn+pny6ltauurunn0mi=
18.5.21 12:56:21.127 [IMP] Client performance stats:
*draw_cameras_auto_cpu_ms: 0.02 (0.82)
*draw_cameras_manual_cpu_ms: 0 (0)
*frame_draw_ms: 11.72 (17.5)
*frame_length_ms: 16.67 (16.67)
*frame_update_ms: 0.82 (194.78)
FMOD_active_channels_count: 2 (2)
FMOD_active_voices_count: 2 (2)
FMOD_CPU_usage_total: 0.5 (0.5)
FMOD_RAM_allocated: 3.84 (3.84)
FMOD_RAM_max: 3.86 (3.86)
FPS_avg: 60 (60)
gc_collection_occured_count_gen0: 16 (16)
gc_collection_occured_count_gen1: 4 (4)
gc_collection_occured_count_gen2: 0 (0)
gpu_textures_2D_count: 56 (56)
gpu_textures_2D_total_size_mb: 179.47 (179.47)
gpu_textures_3D_count: 2 (2)
gpu_textures_3D_total_size_mb: 0.14 (0.14)
gpu_textures_procedural_count: 0 (0)
gpu_textures_procedural_estimated_total_size_mb: 0 (0)
gpu_textures_render_cache_total_size_mb: 7.91 (7.91)
gpu_vram_budget_mb: 7311 (7311)
gpu_vram_usage_mb: 395.02 (395.02)
network_command_parsing_ms: 0 (1.54)
network_command_writing_ms: 0 (0.13)
Noesis_RAM_accumulated_mb: 77.7 (77.7)
Noesis_RAM_allocations: 452077 (452077)
Noesis_RAM_current_mb: 22.17 (22.17)
total_memory_gc_mb: 164.09 (164.09)
total_memory_private_mb: 757.75 (757.75)
total_memory_workingset_mb: 372.2 (372.2)
18.5.21 12:56:21.609 [IMP] Saved server icon: ze77di/tpyww/he67zvf2wint68n2t0fwuntl8l7n1i=
18.5.21 12:56:21.609 [IMP] Loading server icon: ze77di/tpyww/he67zvf2wint68n2t0fwuntl8l7n1i=
18.5.21 12:56:21.609 [IMP] Loaded server icon: ze77di/tpyww/he67zvf2wint68n2t0fwuntl8l7n1i=
18.5.21 12:56:23.008 [IMP] Saved server icon: 1h4lq22jn66ncspnlxlgskmfi69/o5+ik6easp6mhmo=
18.5.21 12:56:23.008 [IMP] Loading server icon: 1h4lq22jn66ncspnlxlgskmfi69/o5+ik6easp6mhmo=
18.5.21 12:56:23.008 [IMP] Loaded server icon: 1h4lq22jn66ncspnlxlgskmfi69/o5+ik6easp6mhmo=
18.5.21 12:56:23.092 [IMP] Saved server icon: wg7obeusnbw/hlabfktthmyq+ayudsx7igbcjiryqxe=
18.5.21 12:56:23.092 [IMP] Loading server icon: wg7obeusnbw/hlabfktthmyq+ayudsx7igbcjiryqxe=
18.5.21 12:56:23.092 [IMP] Loaded server icon: wg7obeusnbw/hlabfktthmyq+ayudsx7igbcjiryqxe=
18.5.21 12:56:23.093 [IMP] Saved server icon: twucuz6p9ybnf0pf9/at5u93nxlkt+dxzradevmctv8=
18.5.21 12:56:23.093 [IMP] Loading server icon: twucuz6p9ybnf0pf9/at5u93nxlkt+dxzradevmctv8=
18.5.21 12:56:23.093 [IMP] Loaded server icon: twucuz6p9ybnf0pf9/at5u93nxlkt+dxzradevmctv8=
18.5.21 12:56:23.142 [IMP] Saved server icon: cpb0pyxldfk6mbwzzlhhtcvueycx/of2qjydxxl3rpu=
18.5.21 12:56:23.150 [IMP] Loading server icon: cpb0pyxldfk6mbwzzlhhtcvueycx/of2qjydxxl3rpu=
18.5.21 12:56:23.150 [IMP] Loaded server icon: cpb0pyxldfk6mbwzzlhhtcvueycx/of2qjydxxl3rpu=
18.5.21 12:56:23.409 [IMP] Saved server icon: o9rlenlhwcwxqpfxojs9+yc/gv1ncyliip2ep1hcwf0=
18.5.21 12:56:23.409 [IMP] Loading server icon: o9rlenlhwcwxqpfxojs9+yc/gv1ncyliip2ep1hcwf0=
18.5.21 12:56:23.409 [IMP] Loaded server icon: o9rlenlhwcwxqpfxojs9+yc/gv1ncyliip2ep1hcwf0=
18.5.21 12:56:24.976 [IMP] Saved server icon: 3cz4rylc6i/nwkk3o4tfkahqa/tdyhlawdxmrr2me88=
18.5.21 12:56:24.976 [IMP] Loading server icon: 3cz4rylc6i/nwkk3o4tfkahqa/tdyhlawdxmrr2me88=
18.5.21 12:56:24.976 [IMP] Loaded server icon: 3cz4rylc6i/nwkk3o4tfkahqa/tdyhlawdxmrr2me88=
18.5.21 12:56:25.455 [IMP] Game client shutdown...
18.5.21 12:56:25.456 [IMP] MasterServerClient: TCPClient: -- Closed connection
51.75.67.219:4012 TCP
18.5.21 12:56:25.457 [IMP] MasterServerClient: TCPClient: -- Connection with 51.75.67.219:4012 TCP closed --
18.5.21 12:56:25.457 [IMP] MasterServerClient: Connection with Master Server closed successfully
18.5.21 12:56:25.460 [IMP] CustomThreadPool ClientThreadHelper(Current) dispose started
18.5.21 12:56:25.460 [IMP] CustomThreadPool ClientThreadHelper(Current) disposed
18.5.21 12:56:25.460 [IMP] ClientThreadHelper(Current) destroyed
18.5.21